proguard/seeds.txt
kcb.android.AccountStatement
kcb.android.AccountStatement: AccountStatement()
kcb.android.AccountStatementMiniNfull
kcb.android.AccountStatementMiniNfull: AccountStatementMiniNfull()
kcb.android.AccountStmt
kcb.android.AccountStmt: AccountStmt()
kcb.android.Accounts
kcb.android.Accounts: Accounts()
kcb.android.AddBeneficiary
kcb.android.AddBeneficiary: AddBeneficiary()
kcb.android.AddCardAccount
kcb.android.AddCardAccount: AddCardAccount()
kcb.android.AgencyBanking
kcb.android.AgencyBanking: AgencyBanking()
kcb.android.AirtimeTopup
kcb.android.AirtimeTopup: AirtimeTopup()
kcb.android.Alerts
kcb.android.Alerts: Alerts()
kcb.android.CFChome
kcb.android.CardActivation
kcb.android.CardActivation: CardActivation()
kcb.android.CardLock
kcb.android.CardLock: CardLock()
kcb.android.ChangePIN
kcb.android.ChangePINcfc
kcb.android.ChangePINcfc: ChangePINcfc()
kcb.android.ChequeBookRequest
kcb.android.ChequeBookRequest: ChequeBookRequest()
kcb.android.Cheques
kcb.android.Cheques: Cheques()
kcb.android.CreateAccount
kcb.android.CreateAccount: CreateAccount()
kcb.android.CreateMobileAccount
kcb.android.CreateMobileAccount: CreateMobileAccount()
kcb.android.CreateMobileAccountNormal
kcb.android.CreateMobileAccountNormal: CreateMobileAccountNormal()
kcb.android.CreditCardPayments
kcb.android.CreditCardPayments: CreditCardPayments()
kcb.android.EcobankHome
kcb.android.EcobankMain
kcb.android.EditBeneficiary
kcb.android.EditBeneficiary: EditBeneficiary()
kcb.android.EditCardAccount
kcb.android.EditCardAccount: EditCardAccount()
kcb.android.EditProfile
kcb.android.EditProfileCfc
kcb.android.EditProfileCfc: EditProfileCfc()
kcb.android.EditSavedCard
kcb.android.EditSavedCard: EditSavedCard()
kcb.android.EditTransaction
kcb.android.EditTransaction: EditTransaction()
kcb.android.Enroll
kcb.android.Enroll: Enroll()
kcb.android.FindAtm
kcb.android.FindAtm: FindAtm()
kcb.android.FindBranch
kcb.android.FindBranch: FindBranch()
kcb.android.Forex
kcb.android.Forex: Forex()
kcb.android.ForgotCredentials
kcb.android.ForgotCredentials: ForgotCredentials()
kcb.android.ForgottenUsernamePassword
kcb.android.ForgottenUsernamePassword: ForgottenUsernamePassword()
kcb.android.FtTransactionDetails
kcb.android.FtTransactionDetails: FtTransactionDetails()
kcb.android.FtTransactionHistoryList
kcb.android.FtTransactionHistoryList: FtTransactionHistoryList()
kcb.android.FullStmt
kcb.android.FullStmt: FullStmt()
kcb.android.FundsTransfer
kcb.android.FundsTransfer: FundsTransfer()
kcb.android.FundsTransferNonCard
kcb.android.FundsTransferNonCard: FundsTransferNonCard()
kcb.android.Insurance
kcb.android.Insurance: Insurance()
kcb.android.InvestmentsNcredit
kcb.android.InvestmentsNcredit: InvestmentsNcredit()
kcb.android.Language
kcb.android.Language: Language()
kcb.android.LipukaApplication
kcb.android.LipukaApplication: LipukaApplication()
kcb.android.Locator
kcb.android.Locator: Locator()
kcb.android.Main
kcb.android.Main: Main()
kcb.android.ManageBeneficiaries
kcb.android.ManageBeneficiaries: ManageBeneficiaries()
kcb.android.ManageCardAccounts
kcb.android.ManageCardAccounts: ManageCardAccounts()
kcb.android.ManageSavedCards
kcb.android.ManageSavedCards: ManageSavedCards()
kcb.android.ManageTransactions
kcb.android.ManageTransactions: ManageTransactions()
kcb.android.ManageTransactionsDetails
kcb.android.ManageTransactionsDetails: ManageTransactionsDetails()
kcb.android.ManageTransactionsList
kcb.android.ManageTransactionsList: ManageTransactionsList()
kcb.android.Merchants
kcb.android.Merchants: Merchants()
kcb.android.MgEditBeneficiary
kcb.android.MgEditBeneficiary: MgEditBeneficiary()
kcb.android.MgEditProfile
kcb.android.MgEditProfile: MgEditProfile()
kcb.android.MgFAQs
kcb.android.MgFAQs: MgFAQs()
kcb.android.MgHome
kcb.android.MgHome: MgHome()
kcb.android.MgLocator
kcb.android.MgLocator: MgLocator()
kcb.android.MgManageBeneficiaries
kcb.android.MgManageBeneficiaries: MgManageBeneficiaries()
kcb.android.MgReceiveMoney
kcb.android.MgReceiveMoney: MgReceiveMoney()
...
greendroid.widget.itemview.TextItemView
greendroid.widget.itemview.TextItemView: TextItemView(android.content.Context)
greendroid.widget.itemview.TextItemView: TextItemView(android.content.Context,android.util.AttributeSet)
greendroid.widget.itemview.TextItemView: TextItemView(android.content.Context,android.util.AttributeSet,int)
greendroid.widget.itemview.ThumbnailItemView
greendroid.widget.itemview.ThumbnailItemView: ThumbnailItemView(android.content.Context)
greendroid.widget.itemview.ThumbnailItemView: ThumbnailItemView(android.content.Context,android.util.AttributeSet)
greendroid.widget.itemview.ThumbnailItemView: ThumbnailItemView(android.content.Context,android.util.AttributeSet,int)
lipuka.android.model.ActivationService
lipuka.android.model.ActivationService: ActivationService()
lipuka.android.model.Bank
lipuka.android.model.Bank: android.os.Parcelable$Creator CREATOR
lipuka.android.model.BankAccount
lipuka.android.model.BankAccount: android.os.Parcelable$Creator CREATOR
lipuka.android.model.BootReceiver
lipuka.android.model.MsisdnRegex: lipuka.android.model.MsisdnRegex[] values()
lipuka.android.model.MsisdnRegex: lipuka.android.model.MsisdnRegex valueOf(java.lang.String)
lipuka.android.model.NotificationsService
lipuka.android.model.NotificationsService: NotificationsService()
lipuka.android.model.SelfActivationService
lipuka.android.model.SelfActivationService: SelfActivationService()
lipuka.android.model.SetOTPService
lipuka.android.model.SetOTPService: SetOTPService()
lipuka.android.model.SmsReceiver
lipuka.android.model.UpdaterService
lipuka.android.model.UpdaterService: UpdaterService()
lipuka.android.model.bgtask.BgTask
lipuka.android.view.LipukaCheckBox
lipuka.android.view.LipukaCheckBox: LipukaCheckBox(android.content.Context)
lipuka.android.view.LipukaCheckBox: LipukaCheckBox(android.content.Context,android.util.AttributeSet)
lipuka.android.view.LipukaCheckBox: LipukaCheckBox(android.content.Context,android.util.AttributeSet,int)
lipuka.android.view.LipukaNavigateButton
lipuka.android.view.LipukaNavigateButton: LipukaNavigateButton(android.content.Context)
lipuka.android.view.LipukaNavigateButton: LipukaNavigateButton(android.content.Context,android.util.AttributeSet)
lipuka.android.view.LipukaNavigateButton: LipukaNavigateButton(android.content.Context,android.util.AttributeSet,int)
lipuka.android.view.LipukaRadioButton
lipuka.android.view.LipukaRadioButton: LipukaRadioButton(android.content.Context)
lipuka.android.view.LipukaRadioButton: LipukaRadioButton(android.content.Context,android.util.AttributeSet)
lipuka.android.view.LipukaRadioButton: LipukaRadioButton(android.content.Context,android.util.AttributeSet,int)
lipuka.android.view.LipukaSubmitButton
lipuka.android.view.LipukaSubmitButton: LipukaSubmitButton(android.content.Context)
lipuka.android.view.LipukaSubmitButton: LipukaSubmitButton(android.content.Context,android.util.AttributeSet)
lipuka.android.view.LipukaSubmitButton: LipukaSubmitButton(android.content.Context,android.util.AttributeSet,int)
lipuka.android.view.LipukaTextView
lipuka.android.view.LipukaTextView: LipukaTextView(android.content.Context)
lipuka.android.view.LipukaTextView: LipukaTextView(android.content.Context,android.util.AttributeSet)
lipuka.android.view.LipukaTextView: LipukaTextView(android.content.Context,android.util.AttributeSet,int)
lipuka.android.view.LipukaWebView
lipuka.android.view.LipukaWebView: LipukaWebView(android.content.Context)
lipuka.android.view.LipukaWebView: LipukaWebView(android.content.Context,android.util.AttributeSet)
lipuka.android.view.LipukaWebView: LipukaWebView(android.content.Context,android.util.AttributeSet,int)
lipuka.android.view.PagedView
lipuka.android.view.PagedView: PagedView(android.content.Context,android.util.AttributeSet)
lipuka.android.view.PagedView: PagedView(android.content.Context,android.util.AttributeSet,int)