proguard/mapping.txt
kcb.android.AccountStatement -> kcb.android.AccountStatement:
    android.widget.Button submit -> a
    android.widget.EditText startDate -> b
    android.widget.EditText endDate -> c
    android.widget.RelativeLayout help -> d
    android.widget.ImageButton closeHelp -> e
    kcb.android.LipukaApplication lipukaApplication -> f
    lipuka.android.model.ActivityDateListener activityDateListener -> g
    android.widget.EditText currentDateField -> h
    java.lang.String selectedAccount -> i
    void onCreate(android.os.Bundle) -> onCreate
    void onStart() -> onStart
    void onStop() -> onStop
    boolean onCreateOptionsMenu(android.view.Menu) -> onCreateOptionsMenu
    boolean onOptionsItemSelected(android.view.MenuItem) -> onOptionsItemSelected
    void onClick(android.view.View) -> onClick
    android.app.Dialog onCreateDialog(int) -> onCreateDialog
    void onPrepareDialog(int,android.app.Dialog) -> onPrepareDialog
    void onConfigurationChanged(android.content.res.Configuration) -> onConfigurationChanged
    void onUserInteraction() -> onUserInteraction
    void setDate(java.lang.String) -> a
kcb.android.AccountStatement$1 -> kcb.android.a:
    kcb.android.AccountStatement this$0 -> a
    void onClick(android.view.View) -> onClick
kcb.android.AccountStatement$2 -> kcb.android.b:
    kcb.android.AccountStatement this$0 -> a
    void onClick(android.view.View) -> onClick
kcb.android.AccountStatement$EcobankDateFieldListener -> kcb.android.c:
    kcb.android.AccountStatement this$0 -> a
    boolean onTouch(android.view.View,android.view.MotionEvent) -> onTouch
kcb.android.AccountStatementMiniNfull -> kcb.android.AccountStatementMiniNfull:
    android.widget.RelativeLayout help -> a
    android.widget.ImageButton closeHelp -> b
    kcb.android.LipukaApplication lipukaApplication -> c
    void onCreate(android.os.Bundle) -> onCreate
    void onStart() -> onStart
    void onStop() -> onStop
    boolean onCreateOptionsMenu(android.view.Menu) -> onCreateOptionsMenu
    boolean onOptionsItemSelected(android.view.MenuItem) -> onOptionsItemSelected
    void onClick(android.view.View) -> onClick
    android.app.Dialog onCreateDialog(int) -> onCreateDialog
    void onPrepareDialog(int,android.app.Dialog) -> onPrepareDialog
    void onConfigurationChanged(android.content.res.Configuration) -> onConfigurationChanged
    void onUserInteraction() -> onUserInteraction
    void onItemClick(android.widget.AdapterView,android.view.View,int,long) -> onItemClick
kcb.android.AccountStatementMiniNfull$1 -> kcb.android.d:
    kcb.android.AccountStatementMiniNfull this$0 -> a
    void onClick(android.view.View) -> onClick
kcb.android.AccountStatementMiniNfull$ConfirmationDialog -> kcb.android.e:
    android.widget.Button yesButton -> a
    android.widget.Button noButton -> b
    android.widget.TextView title -> c
    android.widget.TextView message -> d
    kcb.android.AccountStatementMiniNfull this$0 -> e
    void onClick(android.view.View) -> onClick
    void setCustomTitle(java.lang.String) -> a
    void setMessage(java.lang.String) -> b
...
greendroid.widget.AsyncImageView$SavedState -> greendroid.widget.AsyncImageView$SavedState:
    java.lang.String url -> a
    android.os.Parcelable$Creator CREATOR -> CREATOR
    void writeToParcel(android.os.Parcel,int) -> writeToParcel
greendroid.widget.AsyncImageView$SavedState$1 -> greendroid.widget.f:
    java.lang.Object createFromParcel(android.os.Parcel) -> createFromParcel
    java.lang.Object[] newArray(int) -> newArray
greendroid.widget.NormalActionBarItem -> greendroid.widget.g:
    android.view.View createItemView() -> b
    void prepareItemView() -> c
    void onDrawableChanged() -> d
greendroid.widget.PageIndicator -> greendroid.widget.PageIndicator:
    android.graphics.Rect sInRect -> a
    android.graphics.Rect sOutRect -> b
    int mGravity -> c
    int mDotSpacing -> d
    android.graphics.drawable.Drawable mDotDrawable -> e
    int mDotCount -> f
    int mDotType -> g
    int mActiveDot -> h
    int[] mExtraState -> i
    boolean mInitializing -> j
    void requestLayout() -> requestLayout
    void invalidate() -> invalidate
    boolean verifyDrawable(android.graphics.drawable.Drawable) -> verifyDrawable
    void drawableStateChanged() -> drawableStateChanged
    void onMeasure(int,int) -> onMeasure
    void onDraw(android.graphics.Canvas) -> onDraw
    android.os.Parcelable onSaveInstanceState() -> onSaveInstanceState
    void onRestoreInstanceState(android.os.Parcelable) -> onRestoreInstanceState
greendroid.widget.PageIndicator$SavedState -> greendroid.widget.PageIndicator$SavedState:
    int activeDot -> a
    android.os.Parcelable$Creator CREATOR -> CREATOR
    void writeToParcel(android.os.Parcel,int) -> writeToParcel
greendroid.widget.PageIndicator$SavedState$1 -> greendroid.widget.h:
    java.lang.Object createFromParcel(android.os.Parcel) -> createFromParcel
    java.lang.Object[] newArray(int) -> newArray
greendroid.widget.PagedAdapter -> greendroid.widget.i:
    android.database.DataSetObservable mDataSetObservable -> a
    int getCount() -> getCount
    android.view.View getView(int,android.view.View,android.view.ViewGroup) -> getView
    void registerDataSetObserver(android.database.DataSetObserver) -> registerDataSetObserver
    void unregisterDataSetObserver(android.database.DataSetObserver) -> unregisterDataSetObserver
greendroid.widget.PagedView -> greendroid.widget.PagedView:
    java.lang.String LOG_TAG -> a
    android.os.Handler mHandler -> b
    int mPageCount -> c
    int mCurrentPage -> d
    int mTargetPage -> e
    int mPagingTouchSlop -> f
    int mMinimumVelocity -> g
    int mMaximumVelocity -> h
    int mPageSlop -> i
    boolean mIsBeingDragged -> j
    int mOffsetX -> k
    int mStartMotionX -> l
    int mStartOffsetX -> m
    android.widget.Scroller mScroller -> n
    android.view.VelocityTracker mVelocityTracker -> o
    greendroid.widget.PagedView$OnPagedViewChangeListener mOnPageChangeListener -> p
    greendroid.widget.PagedAdapter mAdapter -> q
    android.util.SparseArray mActiveViews -> r
    java.util.Queue mRecycler -> s
    android.database.DataSetObserver mDataSetObserver -> t
    java.lang.Runnable mScrollerRunnable -> u
    void onMeasure(int,int) -> onMeasure
    void onSizeChanged(int,int,int,int) -> onSizeChanged
    void onLayout(boolean,int,int,int,int) -> onLayout
    boolean onInterceptTouchEvent(android.view.MotionEvent) -> onInterceptTouchEvent
    boolean onTouchEvent(android.view.MotionEvent) -> onTouchEvent
    void setAdapter(greendroid.widget.PagedAdapter) -> a
    int getActualCurrentPage() -> c
    void smoothScrollToPage(int) -> a
    void smoothScrollToNext() -> a
    void smoothScrollToPrevious() -> b
    void setOffsetX(int) -> b
    void recycleViews(int,int) -> a
    android.view.View obtainView(int) -> c
greendroid.widget.PagedView$1 -> greendroid.widget.j:
    greendroid.widget.PagedView this$0 -> a
    void onInvalidated() -> onInvalidated
    void onChanged() -> onChanged