proguard/usage.txt
kcb.android.AccountStatement:
    java.lang.String idTypeSelected
    byte idType
    433:436:public void showResponse()
kcb.android.AccountStatement$MyOnItemSelectedListener
kcb.android.AccountStatementMiniNfull:
    java.lang.String amountStr
    java.lang.String destinationStr
    java.lang.String selectedSourceAccount
    java.lang.String selectedProvider
    lipuka.android.view.LipukaListItem[] sourceAccountsArray
    lipuka.android.view.LipukaListItem[] providersArray
    352:355:public void showResponse()
kcb.android.AccountStmt:
    java.lang.String amountStr
    java.lang.String destinationStr
    java.lang.String selectedCurrency
    lipuka.android.view.LipukaListItem[] currenciesArray
    523:526:public void showResponse()
kcb.android.AccountStmt$OnCurrencySelectedListener
kcb.android.Accounts:
    public static final java.lang.String TAG
    private android.widget.ScrollView main
    android.widget.Button info
    android.widget.EditText phoneNo
kcb.android.AddBeneficiary:
    android.widget.EditText country
    java.lang.String destinationStr
    409:413:public void showResponse()
kcb.android.AddCardAccount:
    java.lang.String amountStr
    java.lang.String destinationStr
    java.lang.String selectedCardID
    512:516:public void showResponse()
kcb.android.AgencyBanking:
    java.lang.String selectedSavedBill
    java.lang.String selectedMerchant
    lipuka.android.view.LipukaListItem[] savedBillsArray
    lipuka.android.view.LipukaListItem[] merchantsArray
kcb.android.AgencyBanking$OnMerchantSelectedListener
kcb.android.AgencyBanking$OnSavedBillSelectedListener
kcb.android.AirtimeTopup:
    java.lang.String selectedSourceOfFunds
    java.lang.String selectedPurposeOfFunds
    java.lang.String selectedCountry
    631:637:public void showResponse()
kcb.android.Alerts:
    659:663:public void showResponse()
kcb.android.BuildConfig
kcb.android.CFChome:
    public static final int PICK_PHOTO
    public static final int PICK_COLOR_SHADING
    public static final int PICK_COLOR_TEXT
    org.json.JSONObject currentSong
    android.widget.TextView menuItemsHeader
    android.widget.LinearLayout imageSubmenu
    android.widget.LinearLayout colorSubmenu
    android.widget.LinearLayout transformSubmenu
    private android.app.NotificationManager notificationManager
    private android.os.Handler handler
    lipuka.android.model.bgtask.BgThread bgThread
    private java.util.TreeSet tasks
    android.widget.LinearLayout textPrompt
    int selectedPosition
    lipuka.android.view.LipukaListItem[] fontArray
    android.widget.TextView colorField
kcb.android.CardActivation:
    java.lang.String selectedNetwork
    java.lang.String selectedAmount
    java.lang.String idTypeSelected
    java.lang.String idTypeID
    java.lang.String idTypePassport
kcb.android.CardLock:
    java.lang.String selectedNetwork
    java.lang.String selectedAmount
    java.lang.String idTypeSelected
    java.lang.String idTypeID
    java.lang.String idTypePassport
kcb.android.ChangePIN:
    public static final int DIALOG_MSG_ID
    public static final int DIALOG_ERROR_ID
    public static final java.lang.String KEY_PIN
    private android.widget.CheckBox otp
kcb.android.ChangePINcfc:
    java.lang.String destinationStr
    java.lang.String selectedSourceAccount
    java.lang.String selectedProvider
    lipuka.android.view.LipukaListItem[] sourceAccountsArray
    lipuka.android.view.LipukaListItem[] providersArray
    427:431:public void showResponse()
kcb.android.ChangePINcfc$OnSourceAccountSelectedListener
kcb.android.ChequeBookRequest:
    java.lang.String idTypeSelected
    java.lang.String idTypeID
    java.lang.String idTypePassport
kcb.android.Cheques:
    java.lang.String destinationStr
    java.lang.String selectedSourceAccount
    java.lang.String selectedProvider
    lipuka.android.view.LipukaListItem[] sourceAccountsArray
    lipuka.android.view.LipukaListItem[] providersArray
kcb.android.Cheques$OnSourceAccountSelectedListener
...
com.loopj.android.http.SerializableCookie
com.loopj.android.http.SimpleMultipartEntity:
    127:131:public void addPart(java.lang.String,java.io.File)
com.readystatesoftware.mapviewballoons.BalloonItemizedOverlay:
    private static final long BALLOON_INFLATION_TIME
    84:85:public void setBalloonBottomOffset(int)
    326:327:public void setShowClose(boolean)
    330:331:public void setShowDisclosure(boolean)
    334:335:public void setSnapToCenter(boolean)
    338:338:public static boolean isInflating()
com.readystatesoftware.mapviewballoons.BalloonOverlayView$LimitLinearLayout:
    private static final int MAX_WIDTH_DP
    131:123:public BalloonOverlayView$LimitLinearLayout(com.readystatesoftware.mapviewballoons.BalloonOverlayView,android.content.Context,android.util.AttributeSet)
com.readystatesoftware.mapviewballoons.R:
    10:10:public R()
com.readystatesoftware.mapviewballoons.R$anim
com.readystatesoftware.mapviewballoons.R$array
com.readystatesoftware.mapviewballoons.R$attr
com.readystatesoftware.mapviewballoons.R$color
com.readystatesoftware.mapviewballoons.R$dimen
com.readystatesoftware.mapviewballoons.R$drawable
com.readystatesoftware.mapviewballoons.R$id:
    public static final int LinearLayout01
    public static final int ScrollView01
    public static final int about
    public static final int about_layout
    public static final int about_webview
    public static final int accept_terms
    public static final int accept_terms_account
    public static final int account_balance
    public static final int account_button
    public static final int account_button_layout
    public static final int account_debits_n_credits_submit
    public static final int account_id_number_field
    public static final int account_mobile_number_field
    public static final int account_no
    public static final int account_no_field
    public static final int account_no_label
    public static final int account_number_field
    public static final int account_ref_number_field
    public static final int account_spinner
    public static final int account_text
    public static final int accountno_field
    public static final int accountno_label
    public static final int accounts_list
    public static final int accounts_title_layout
    public static final int accounts_title_text
    public static final int action_bar_activate
    public static final int action_bar_home
    public static final int action_bar_refresh
    public static final int action_bar_search
    public static final int action_bar_view_help
    public static final int activate_header